SF:lib/common/utils/extensions.dart
DA:5,0
DA:12,12
DA:15,3
DA:16,3
DA:17,12
DA:22,6
LF:6
LH:5
end_of_record
SF:lib/common/data/local/user_details_store.dart
DA:11,1
DA:13,1
DA:14,3
DA:16,4
DA:18,4
DA:20,2
DA:23,1
DA:24,3
DA:27,1
LF:9
LH:9
end_of_record
SF:lib/common/domain/models/user_details.dart
DA:10,0
DA:26,0
DA:28,1
DA:29,2
LF:4
LH:2
end_of_record
SF:lib/common/domain/models/user_details.g.dart
DA:9,1
DA:10,1
DA:11,1
DA:12,1
DA:13,1
DA:14,1
DA:15,1
DA:16,1
DA:17,1
DA:18,1
DA:19,1
DA:20,1
DA:21,1
DA:22,1
DA:23,1
DA:26,1
DA:27,1
DA:28,1
DA:29,1
DA:30,1
DA:31,1
DA:32,1
DA:33,1
DA:34,1
DA:35,1
DA:36,1
DA:37,1
DA:38,1
DA:39,1
DA:40,1
LF:30
LH:30
end_of_record
SF:lib/common/data/network/api_endpoints.dart
DA:4,1
DA:5,2
DA:7,2
DA:8,1
DA:10,2
DA:11,2
DA:14,2
DA:15,2
DA:18,2
DA:19,18
LF:10
LH:10
end_of_record
SF:lib/common/data/network/dtos/common_dtos.dart
DA:12,0
DA:24,2
DA:29,0
DA:37,4
DA:42,2
DA:44,0
DA:53,4
DA:55,4
DA:56,2
DA:57,2
DA:58,2
DA:64,2
DA:66,0
DA:73,2
DA:74,2
DA:76,8
DA:81,0
DA:92,2
DA:97,2
DA:99,0
DA:111,4
DA:113,4
DA:114,2
DA:115,2
DA:116,2
DA:117,2
DA:118,2
DA:120,2
DA:126,2
DA:128,0
DA:140,2
DA:141,2
DA:143,4
DA:144,2
DA:145,2
DA:146,2
DA:147,2
DA:148,2
DA:150,2
DA:156,2
DA:158,0
DA:170,4
DA:172,4
DA:173,2
DA:174,2
DA:175,2
DA:176,2
DA:177,2
DA:179,2
DA:185,0
DA:192,4
DA:197,0
DA:204,4
DA:207,4
DA:209,0
LF:55
LH:44
end_of_record
SF:lib/common/data/network/dtos/common_dtos.g.dart
DA:9,2
DA:10,1
DA:11,3
DA:12,1
DA:13,1
DA:14,1
DA:15,3
DA:16,1
DA:17,1
DA:18,3
DA:19,1
DA:20,1
DA:21,3
DA:22,1
DA:23,1
DA:24,3
DA:25,1
DA:26,2
DA:27,1
DA:28,3
DA:29,1
DA:31,2
DA:34,0
DA:35,0
DA:36,0
DA:37,0
DA:38,0
DA:39,0
DA:40,0
DA:41,0
DA:42,0
DA:43,0
DA:44,0
DA:47,4
DA:48,2
DA:49,2
DA:50,2
DA:51,2
DA:52,2
DA:55,0
DA:56,0
DA:57,0
DA:58,0
DA:59,0
DA:60,0
DA:61,0
DA:64,2
DA:65,2
DA:66,2
DA:67,2
DA:68,2
DA:69,2
DA:70,4
DA:71,4
DA:74,0
DA:75,0
DA:76,0
DA:77,0
DA:78,0
DA:79,0
DA:80,0
DA:81,0
DA:84,2
DA:86,2
DA:87,2
DA:88,4
DA:89,2
DA:90,4
DA:93,0
DA:95,0
DA:96,0
DA:97,0
DA:98,0
DA:99,0
DA:102,1
DA:103,1
DA:104,1
DA:105,1
DA:106,1
DA:107,1
DA:108,2
DA:109,1
DA:110,1
DA:111,2
DA:114,0
DA:115,0
DA:116,0
DA:117,0
DA:118,0
DA:119,0
DA:120,0
DA:121,0
DA:122,0
DA:123,0
DA:126,2
DA:127,2
DA:128,2
DA:129,2
DA:130,2
DA:131,2
DA:132,4
DA:133,2
DA:134,2
DA:135,4
DA:136,4
DA:139,0
DA:140,0
DA:141,0
DA:142,0
DA:143,0
DA:144,0
DA:145,0
DA:146,0
DA:147,0
DA:148,0
DA:149,0
DA:152,2
DA:154,2
DA:155,2
DA:156,2
DA:157,2
DA:158,2
DA:159,4
DA:160,2
DA:161,2
DA:162,4
DA:163,4
DA:166,0
DA:168,0
DA:169,0
DA:170,0
DA:171,0
DA:172,0
DA:173,0
DA:174,0
DA:175,0
DA:176,0
DA:177,0
DA:180,2
DA:181,2
DA:182,2
DA:183,2
DA:184,2
DA:185,2
DA:186,4
DA:187,2
DA:188,2
DA:189,4
DA:190,4
DA:193,0
DA:194,0
DA:195,0
DA:196,0
DA:197,0
DA:198,0
DA:199,0
DA:200,0
DA:201,0
DA:202,0
DA:203,0
DA:206,2
DA:207,2
DA:208,2
DA:209,2
DA:210,2
DA:211,4
DA:214,0
DA:215,0
DA:216,0
DA:217,0
DA:218,0
DA:219,0
DA:222,2
DA:223,2
DA:224,2
DA:225,2
DA:226,2
DA:227,4
DA:230,0
DA:231,0
DA:232,0
DA:233,0
DA:234,0
DA:235,0
LF:184
LH:97
end_of_record
SF:lib/common/domain/models/common_models.dart
DA:10,2
DA:21,4
DA:26,1
DA:29,1
DA:30,3
DA:31,3
DA:32,3
DA:34,0
DA:35,0
DA:43,14
DA:51,1
DA:54,1
DA:55,3
DA:56,3
DA:57,3
DA:58,3
DA:60,0
DA:61,0
DA:69,14
DA:77,1
DA:80,1
DA:81,3
DA:82,3
DA:83,3
DA:84,3
DA:86,0
DA:87,0
DA:94,0
DA:95,0
DA:103,0
DA:104,0
LF:31
LH:21
end_of_record
SF:lib/common/domain/models/language.dart
DA:10,16
DA:16,0
DA:18,2
DA:21,2
DA:22,6
DA:23,6
DA:24,6
DA:25,6
DA:27,0
DA:28,0
DA:34,4
DA:36,0
DA:37,0
DA:40,0
DA:41,0
DA:42,0
DA:43,0
DA:44,0
DA:45,0
DA:47,0
DA:48,0
DA:51,0
DA:54,2
DA:57,2
DA:58,6
DA:59,6
DA:61,0
DA:62,0
DA:63,0
DA:64,0
LF:30
LH:12
end_of_record
SF:lib/common/domain/models/time.dart
DA:8,18
DA:16,3
DA:17,3
DA:18,7
DA:19,15
DA:22,3
DA:23,12
DA:24,9
DA:25,15
DA:27,3
DA:28,1
DA:30,3
DA:31,4
DA:32,2
DA:35,6
DA:38,1
DA:39,2
DA:40,1
DA:41,3
DA:42,2
DA:45,0
DA:47,0
DA:49,0
DA:51,3
DA:54,3
DA:55,9
DA:56,9
DA:57,9
DA:58,9
DA:60,0
DA:61,0
LF:31
LH:26
end_of_record
SF:lib/common/domain/errors/domain_errors.dart
DA:8,0
DA:10,0
DA:12,0
LF:3
LH:0
end_of_record
SF:lib/common/domain/errors/domain_errors.g.dart
DA:9,0
DA:10,0
DA:11,0
DA:14,0
DA:15,0
DA:16,0
DA:19,0
DA:20,0
DA:21,0
DA:22,0
DA:25,0
DA:26,0
DA:27,0
DA:28,0
LF:14
LH:0
end_of_record
SF:lib/common/domain/errors/errors.dart
DA:10,24
DA:12,0
DA:14,0
DA:16,0
DA:18,2
DA:19,3
DA:20,0
DA:21,1
DA:22,0
DA:23,0
DA:25,0
LF:11
LH:4
end_of_record
SF:lib/common/domain/errors/errors.g.dart
DA:9,0
DA:10,0
DA:11,0
DA:12,0
DA:15,0
DA:16,0
DA:17,0
DA:18,0
DA:21,0
DA:22,0
DA:23,0
DA:24,0
DA:27,0
DA:28,0
DA:29,0
DA:30,0
LF:16
LH:0
end_of_record
SF:lib/common/domain/errors/network_errors.dart
DA:8,0
DA:10,0
DA:12,1
DA:15,0
DA:20,0
DA:25,0
LF:6
LH:1
end_of_record
SF:lib/common/domain/errors/network_errors.g.dart
DA:9,0
DA:10,0
DA:11,0
DA:14,0
DA:15,0
DA:16,0
DA:19,0
DA:20,0
DA:23,0
DA:24,0
DA:25,0
DA:28,0
DA:29,0
DA:30,0
DA:31,0
DA:32,0
DA:35,0
DA:36,0
DA:37,0
DA:38,0
DA:39,0
DA:42,0
DA:43,0
DA:44,0
DA:45,0
DA:46,0
DA:49,0
DA:50,0
DA:51,0
DA:52,0
DA:53,0
LF:31
LH:0
end_of_record
SF:lib/common/domain/models/daily_stats.dart
DA:16,3
DA:24,1
DA:27,1
DA:28,3
DA:29,3
DA:30,3
DA:31,3
DA:32,3
DA:33,3
DA:34,3
DA:36,0
DA:37,0
DA:38,0
DA:39,0
DA:40,0
DA:41,0
DA:42,0
DA:49,1
DA:56,1
DA:64,0
DA:67,0
DA:68,0
DA:69,0
DA:70,0
DA:72,0
DA:74,0
LF:26
LH:12
end_of_record
SF:lib/common/domain/usecases/base_use_case.dart
DA:6,3
LF:1
LH:1
end_of_record
SF:lib/common/ui/bloc/user_auth_state.dart
DA:5,0
DA:7,0
DA:9,0
LF:3
LH:0
end_of_record
SF:lib/common/ui/bloc/user_auth_cubit.dart
DA:19,0
DA:24,0
DA:26,0
DA:27,0
DA:29,0
DA:31,0
DA:32,0
DA:33,0
DA:34,0
DA:35,0
DA:36,0
DA:37,0
LF:12
LH:0
end_of_record
SF:lib/features/login/domain/usecases/check_auth_status_uc.dart
DA:10,0
DA:12,0
DA:17,0
DA:18,0
DA:19,0
DA:21,0
DA:22,0
LF:7
LH:0
end_of_record
SF:lib/features/login/domain/usecases/get_user_details_uc.dart
DA:20,1
DA:23,2
DA:24,2
DA:25,1
DA:28,1
DA:29,4
DA:31,1
DA:34,2
DA:35,1
DA:36,3
DA:43,3
LF:11
LH:11
end_of_record
SF:lib/common/utils/utils.dart
DA:13,4
DA:19,4
DA:20,8
DA:23,1
DA:25,1
DA:27,1
DA:28,0
DA:29,0
DA:30,1
DA:31,4
DA:36,4
DA:40,4
DA:42,4
DA:43,4
DA:44,1
DA:45,3
DA:46,1
DA:47,1
DA:48,1
DA:49,1
DA:50,1
DA:55,0
DA:56,0
DA:57,0
DA:58,0
DA:59,0
DA:65,0
LF:27
LH:19
end_of_record
SF:lib/features/login/data/dtos/user_details_dto.dart
DA:10,0
DA:12,1
DA:13,1
DA:18,0
DA:34,2
LF:5
LH:3
end_of_record
SF:lib/features/login/data/dtos/user_details_dto.g.dart
DA:9,1
DA:10,1
DA:11,2
DA:14,0
DA:15,0
DA:16,0
DA:19,2
DA:20,1
DA:21,1
DA:22,1
DA:23,1
DA:24,1
DA:25,1
DA:26,1
DA:27,1
DA:28,1
DA:29,1
DA:30,1
DA:31,1
DA:32,1
DA:35,0
DA:36,0
DA:37,0
DA:38,0
DA:39,0
DA:40,0
DA:41,0
DA:42,0
DA:43,0
DA:44,0
DA:45,0
DA:46,0
DA:47,0
DA:48,0
LF:34
LH:17
end_of_record
SF:lib/features/login/data/mappers/user_details_mapper.dart
DA:6,1
DA:7,1
DA:8,2
DA:9,2
DA:10,2
DA:11,2
DA:12,2
DA:13,2
DA:14,2
DA:15,2
DA:16,2
DA:17,2
DA:18,2
DA:19,2
DA:20,3
DA:23,0
DA:24,0
LF:17
LH:15
end_of_record
SF:lib/features/project_stats/data/dtos/project_details_dto.dart
DA:8,0
DA:17,1
DA:18,1
DA:23,0
DA:36,2
DA:41,0
DA:65,2
LF:7
LH:4
end_of_record
SF:lib/features/project_stats/data/dtos/project_details_dto.g.dart
DA:9,1
DA:10,1
DA:11,1
DA:12,3
DA:13,1
DA:14,1
DA:15,1
DA:16,1
DA:17,1
DA:18,1
DA:21,0
DA:23,0
DA:24,0
DA:25,0
DA:26,0
DA:27,0
DA:28,0
DA:29,0
DA:32,1
DA:33,1
DA:34,1
DA:35,1
DA:36,1
DA:37,1
DA:39,2
DA:40,1
DA:41,1
DA:42,1
DA:43,1
DA:45,1
DA:46,1
DA:49,0
DA:50,0
DA:51,0
DA:52,0
DA:53,0
DA:54,0
DA:55,0
DA:56,0
DA:57,0
DA:58,0
DA:59,0
DA:60,0
DA:63,1
DA:64,1
DA:65,1
DA:66,1
DA:67,1
DA:68,1
DA:69,1
DA:70,1
DA:71,1
DA:72,1
DA:73,1
DA:74,1
DA:75,1
DA:76,1
DA:77,1
DA:78,1
DA:79,1
DA:80,1
DA:81,1
DA:82,1
DA:83,1
DA:84,1
DA:85,1
DA:88,0
DA:89,0
DA:90,0
DA:91,0
DA:92,0
DA:93,0
DA:94,0
DA:95,0
DA:96,0
DA:97,0
DA:98,0
DA:99,0
DA:100,0
DA:101,0
DA:102,0
DA:103,0
DA:104,0
DA:105,0
DA:106,0
DA:107,0
DA:108,0
DA:109,0
DA:110,0
LF:89
LH:46
end_of_record
SF:lib/features/project_stats/data/dtos/project_summaries_dto.dart
DA:9,0
DA:17,2
DA:22,0
DA:33,2
LF:4
LH:2
end_of_record
SF:lib/features/project_stats/data/dtos/project_summaries_dto.g.dart
DA:9,1
DA:11,1
DA:12,1
DA:13,1
DA:14,1
DA:15,2
DA:16,1
DA:17,1
DA:18,3
DA:19,1
DA:20,1
DA:21,1
DA:24,0
DA:26,0
DA:27,0
DA:28,0
DA:29,0
DA:30,0
DA:31,0
DA:34,1
DA:35,1
DA:36,1
DA:37,3
DA:38,1
DA:39,1
DA:40,1
DA:41,3
DA:42,1
DA:43,1
DA:44,3
DA:45,1
DA:46,1
DA:47,3
DA:48,1
DA:49,2
DA:50,1
DA:51,3
DA:52,1
DA:54,2
DA:57,0
DA:58,0
DA:59,0
DA:60,0
DA:61,0
DA:62,0
DA:63,0
DA:64,0
DA:65,0
DA:66,0
LF:49
LH:32
end_of_record
SF:lib/features/project_stats/data/mappers/project_details_mapper.dart
DA:6,1
DA:7,1
DA:8,1
DA:9,2
DA:10,1
DA:11,1
DA:12,2
DA:13,2
DA:16,1
DA:18,0
DA:19,0
LF:11
LH:9
end_of_record
SF:lib/features/project_stats/domain/models/project_details.dart
DA:7,2
DA:14,1
DA:17,1
DA:18,3
DA:19,3
DA:20,3
DA:21,3
DA:22,3
DA:24,0
DA:26,0
LF:10
LH:8
end_of_record
SF:lib/features/project_stats/data/mappers/project_summaries_mapper.dart
DA:9,1
DA:10,1
DA:11,1
DA:12,3
DA:13,2
DA:14,1
DA:15,1
DA:16,5
DA:18,5
DA:19,5
DA:20,3
DA:22,1
DA:23,1
DA:24,2
DA:25,2
DA:27,2
DA:30,0
DA:31,0
LF:18
LH:16
end_of_record
SF:lib/features/project_stats/domain/models/daily_project_stats.dart
DA:11,2
DA:18,2
DA:26,1
DA:29,1
DA:30,3
DA:31,1
DA:32,3
DA:34,0
DA:35,0
LF:9
LH:7
end_of_record
SF:lib/features/project_stats/domain/models/project_summaries.dart
DA:14,3
DA:19,6
DA:20,3
DA:21,9
DA:22,3
DA:23,4
DA:24,2
DA:25,5
DA:26,2
DA:27,2
DA:29,12
DA:33,3
DA:34,9
DA:35,3
DA:36,3
DA:40,0
DA:42,0
DA:43,0
DA:44,0
DA:47,2
DA:50,3
DA:51,1
DA:52,3
DA:53,3
DA:54,3
DA:56,0
DA:57,0
DA:58,0
DA:59,0
DA:60,0
DA:61,0
DA:68,0
DA:73,0
DA:75,0
LF:34
LH:21
end_of_record
SF:lib/features/project_stats/domain/models/entity.dart
DA:12,0
DA:22,0
LF:2
LH:0
end_of_record
SF:lib/features/project_stats/domain/usecases/get_project_details_uc.dart
DA:27,1
DA:30,3
DA:31,2
DA:32,1
DA:35,1
DA:36,5
DA:38,1
DA:41,2
DA:42,1
DA:43,2
DA:45,1
DA:51,2
DA:52,2
DA:62,0
DA:67,1
DA:68,1
LF:16
LH:15
end_of_record
SF:lib/features/project_stats/domain/usecases/get_project_details_uc.g.dart
DA:9,1
DA:11,1
DA:12,1
DA:13,1
DA:16,1
DA:18,1
DA:19,1
DA:20,1
LF:8
LH:8
end_of_record
SF:lib/features/project_stats/domain/usecases/get_project_stats_uc.dart
DA:25,1
DA:28,3
DA:29,2
DA:30,1
DA:33,1
DA:34,5
DA:36,1
DA:39,2
DA:40,1
DA:41,3
DA:48,0
DA:55,1
DA:56,1
LF:13
LH:12
end_of_record
SF:lib/features/project_stats/domain/usecases/get_project_stats_uc.g.dart
DA:9,1
DA:11,1
DA:12,1
DA:13,1
DA:14,1
DA:15,1
DA:18,1
DA:20,1
DA:21,1
DA:22,1
DA:23,1
DA:24,1
LF:12
LH:12
end_of_record
SF:lib/features/project_stats/ui/bloc/detailed_project_stats_state.dart
DA:5,0
DA:7,0
DA:10,0
LF:3
LH:0
end_of_record
SF:lib/features/project_stats/ui/bloc/detailed_project_stats_event.dart
DA:5,0
LF:1
LH:0
end_of_record
SF:lib/features/project_stats/ui/bloc/detailed_project_stats_bloc.dart
DA:25,1
DA:29,1
DA:30,2
DA:31,2
DA:34,1
DA:35,1
DA:37,3
DA:38,3
DA:41,2
DA:42,2
DA:43,3
DA:47,1
DA:48,1
DA:49,3
DA:50,1
DA:51,1
DA:52,2
DA:53,2
DA:54,1
DA:57,1
DA:58,2
DA:59,3
DA:63,3
LF:23
LH:23
end_of_record
SF:lib/features/login/ui/bloc/login_page_cubit.dart
DA:17,1
DA:24,1
DA:26,1
DA:27,1
DA:28,1
DA:32,1
DA:34,5
DA:35,1
DA:36,4
DA:37,1
DA:38,3
DA:39,3
DA:40,3
DA:42,1
LF:14
LH:14
end_of_record
SF:lib/features/login/ui/bloc/login_page_state.dart
DA:5,0
DA:7,0
DA:9,0
DA:11,0
LF:4
LH:0
end_of_record
SF:lib/features/home/domain/usecases/get_last_7_days_stats_uc.dart
DA:21,1
DA:24,3
DA:25,2
DA:26,1
DA:29,1
DA:30,5
DA:32,1
DA:35,2
DA:36,1
DA:37,3
DA:44,1
LF:11
LH:11
end_of_record
SF:lib/common/domain/models/summaries.dart
DA:10,1
DA:16,0
LF:2
LH:1
end_of_record
SF:lib/common/data/network/dtos/summaries_dto.dart
DA:9,0
DA:16,2
LF:2
LH:1
end_of_record
SF:lib/common/data/network/dtos/summaries_dto.g.dart
DA:9,1
DA:10,1
DA:11,1
DA:12,1
DA:13,1
DA:14,3
DA:15,1
DA:16,1
DA:17,1
DA:20,0
DA:21,0
DA:22,0
DA:23,0
DA:24,0
DA:25,0
LF:15
LH:9
end_of_record
SF:lib/common/data/network/mappers/summaries_mapper.dart
DA:11,1
DA:12,1
DA:13,2
DA:14,2
DA:15,1
DA:16,2
DA:17,2
DA:21,1
DA:22,1
DA:23,2
DA:24,2
DA:25,1
DA:26,1
DA:27,2
DA:28,1
DA:29,1
DA:30,1
DA:31,1
DA:33,1
DA:34,1
DA:37,1
DA:39,6
DA:40,5
DA:41,5
DA:42,3
DA:45,1
DA:47,0
DA:48,0
LF:28
LH:26
end_of_record
